<?xml version="1.0" encoding="UTF-8"?><testrun name="CucumberRunner" project="Yodel" tests="1" started="1" failures="0" errors="1" ignored="0">
  <testsuite name="cucumber.CucumberRunner" time="0.0">
    <testcase name="initializationError" classname="cucumber.CucumberRunner" time="0.0">
      <error>java.lang.NoClassDefFoundError: org/jdom2/Content&#13;
	at java.lang.Class.getDeclaredMethods0(Native Method)&#13;
	at java.lang.Class.privateGetDeclaredMethods(Unknown Source)&#13;
	at java.lang.Class.privateGetPublicMethods(Unknown Source)&#13;
	at java.lang.Class.getMethods(Unknown Source)&#13;
	at cucumber.runtime.java.MethodScanner.scan(MethodScanner.java:40)&#13;
	at cucumber.runtime.java.JavaBackend.loadGlue(JavaBackend.java:86)&#13;
	at cucumber.runtime.Runtime.&lt;init&gt;(Runtime.java:92)&#13;
	at cucumber.runtime.Runtime.&lt;init&gt;(Runtime.java:70)&#13;
	at cucumber.runtime.Runtime.&lt;init&gt;(Runtime.java:66)&#13;
	at cucumber.api.junit.Cucumber.createRuntime(Cucumber.java:80)&#13;
	at cucumber.api.junit.Cucumber.&lt;init&gt;(Cucumber.java:59)&#13;
	at sun.reflect.NativeConstructorAccessorImpl.newInstance0(Native Method)&#13;
	at sun.reflect.NativeConstructorAccessorImpl.newInstance(Unknown Source)&#13;
	at sun.reflect.DelegatingConstructorAccessorImpl.newInstance(Unknown Source)&#13;
	at java.lang.reflect.Constructor.newInstance(Unknown Source)&#13;
	at org.junit.internal.builders.AnnotatedBuilder.buildRunner(AnnotatedBuilder.java:104)&#13;
	at org.junit.internal.builders.AnnotatedBuilder.runnerForClass(AnnotatedBuilder.java:86)&#13;
	at org.junit.runners.model.RunnerBuilder.safeRunnerForClass(RunnerBuilder.java:59)&#13;
	at org.junit.internal.builders.AllDefaultPossibilitiesBuilder.runnerForClass(AllDefaultPossibilitiesBuilder.java:26)&#13;
	at org.junit.runners.model.RunnerBuilder.safeRunnerForClass(RunnerBuilder.java:59)&#13;
	at org.junit.internal.requests.ClassRequest.getRunner(ClassRequest.java:33)&#13;
	at org.eclipse.jdt.internal.junit4.runner.JUnit4TestLoader.createUnfilteredTest(JUnit4TestLoader.java:84)&#13;
	at org.eclipse.jdt.internal.junit4.runner.JUnit4TestLoader.createTest(JUnit4TestLoader.java:70)&#13;
	at org.eclipse.jdt.internal.junit4.runner.JUnit4TestLoader.loadTests(JUnit4TestLoader.java:43)&#13;
	at org.eclipse.jdt.internal.junit.runner.RemoteTestRunner.runTests(RemoteTestRunner.java:444)&#13;
	at org.eclipse.jdt.internal.junit.runner.RemoteTestRunner.runTests(RemoteTestRunner.java:675)&#13;
	at org.eclipse.jdt.internal.junit.runner.RemoteTestRunner.run(RemoteTestRunner.java:382)&#13;
	at org.eclipse.jdt.internal.junit.runner.RemoteTestRunner.main(RemoteTestRunner.java:192)&#13;
Caused by: java.lang.ClassNotFoundException: org.jdom2.Content&#13;
	at java.net.URLClassLoader.findClass(Unknown Source)&#13;
	at java.lang.ClassLoader.loadClass(Unknown Source)&#13;
	at sun.misc.Launcher$AppClassLoader.loadClass(Unknown Source)&#13;
	at java.lang.ClassLoader.loadClass(Unknown Source)&#13;
	... 28 more&#13;
&#13;
</error>
    </testcase>
  </testsuite>
</testrun>
